<?xml version="1.0" encoding="UTF-8"?>
<!-- Generated by org.testng.reporters.JUnitReportReporter -->
<testsuite skipped="0" hostname="DESKTOP-I14BVK5" name="org.testing.Testscripts.TC9_Update" tests="1" failures="0" timestamp="2022-05-25T00:46:00 IST" time="1.197" errors="0">
  <testcase name="putupdate" time="1.197" classname="org.testing.Testscripts.TC9_Update"/>
  <system-out/>
</testsuite> <!-- org.testing.Testscripts.TC9_Update -->
