<?xml version="1.0" encoding="UTF-8"?>
<!-- Generated by org.testng.reporters.JUnitReportReporter -->
<testsuite skipped="0" hostname="DESKTOP-I14BVK5" name="org.testing.Testscripts.TC1_PostRequest" tests="1" failures="0" timestamp="2022-05-25T00:46:00 IST" time="6.590" errors="0">
  <testcase name="Testcase1" time="6.590" classname="org.testing.Testscripts.TC1_PostRequest"/>
  <system-out/>
</testsuite> <!-- org.testing.Testscripts.TC1_PostRequest -->
