<?xml version="1.0" encoding="UTF-8"?>
<!-- Generated by org.testng.reporters.JUnitReportReporter -->
<testsuite skipped="0" hostname="DESKTOP-I14BVK5" name="org.testing.Testscripts.TC4_Putrequest" tests="1" failures="0" timestamp="2022-05-25T00:46:00 IST" time="0.063" errors="0">
  <testcase name="Put" time="0.063" classname="org.testing.Testscripts.TC4_Putrequest"/>
  <system-out/>
</testsuite> <!-- org.testing.Testscripts.TC4_Putrequest -->
