<?xml version="1.0" encoding="UTF-8"?>
<!-- Generated by org.testng.reporters.JUnitReportReporter -->
<testsuite skipped="0" hostname="DESKTOP-I14BVK5" name="org.testing.Testscripts.TC10_Deletenew" tests="1" failures="0" timestamp="2022-05-25T00:46:00 IST" time="1.408" errors="0">
  <testcase name="deletenew" time="1.408" classname="org.testing.Testscripts.TC10_Deletenew"/>
  <system-out/>
</testsuite> <!-- org.testing.Testscripts.TC10_Deletenew -->
