<?xml version="1.0" encoding="UTF-8"?>
<!-- Generated by org.testng.reporters.JUnitReportReporter -->
<testsuite skipped="0" hostname="DESKTOP-I14BVK5" name="org.testing.Testscripts.TC2_Getrequest" tests="1" failures="0" timestamp="2022-05-25T00:46:00 IST" time="0.094" errors="0">
  <testcase name="Testcase2" time="0.094" classname="org.testing.Testscripts.TC2_Getrequest"/>
  <system-out/>
</testsuite> <!-- org.testing.Testscripts.TC2_Getrequest -->
